# JRE version: Java(TM) SE Runtime Environment (8.0_45-b15) (build 1.8.0_45-b15)
# Java VM: Java HotSpot(TM) 64-Bit Server VM (25.45-b02 mixed mode windows-amd64 compressed oops)
Heap:
 PSYoungGen      total 141824K, used 17014K [0x000000076b100000, 0x0000000774600000, 0x00000007c0000000)
  eden space 131072K, 12% used [0x000000076b100000,0x000000076c19d990,0x0000000773100000)
  from space 10752K, 0% used [0x0000000773b80000,0x0000000773b80000,0x0000000774600000)
  to   space 10752K, 0% used [0x0000000773100000,0x0000000773100000,0x0000000773b80000)
 ParOldGen       total 102400K, used 7071K [0x00000006c1200000, 0x00000006c7600000, 0x000000076b100000)
  object space 102400K, 6% used [0x00000006c1200000,0x00000006c18e7fc0,0x00000006c7600000)
 Metaspace       used 21306K, capacity 21606K, committed 22192K, reserved 1069056K
  class space    used 2798K, capacity 2901K, committed 2992K, reserved 1048576K
GC Heap History (10 events):
Event: 6.488 GC heap before
{Heap before GC invocations=1 (full 0):
 PSYoungGen      total 76288K, used 65536K [0x000000076b100000, 0x0000000770600000, 0x00000007c0000000)
  eden space 65536K, 100% used [0x000000076b100000,0x000000076f100000,0x000000076f100000)
  from space 10752K, 0% used [0x000000076fb80000,0x000000076fb80000,0x0000000770600000)
  to   space 10752K, 0% used [0x000000076f100000,0x000000076f100000,0x000000076fb80000)
 ParOldGen       total 175104K, used 0K [0x00000006c1200000, 0x00000006cbd00000, 0x000000076b100000)
  object space 175104K, 0% used [0x00000006c1200000,0x00000006c1200000,0x00000006cbd00000)
 Metaspace       used 14040K, capacity 14162K, committed 14464K, reserved 1062912K
  class space    used 1798K, capacity 1821K, committed 1920K, reserved 1048576K
Event: 6.516 GC heap after
Heap after GC invocations=1 (full 0):
 PSYoungGen      total 76288K, used 8341K [0x000000076b100000, 0x0000000770600000, 0x00000007c0000000)
  eden space 65536K, 0% used [0x000000076b100000,0x000000076b100000,0x000000076f100000)
  from space 10752K, 77% used [0x000000076f100000,0x000000076f925690,0x000000076fb80000)
  to   space 10752K, 0% used [0x000000076fb80000,0x000000076fb80000,0x0000000770600000)
 ParOldGen       total 175104K, used 80K [0x00000006c1200000, 0x00000006cbd00000, 0x000000076b100000)
  object space 175104K, 0% used [0x00000006c1200000,0x00000006c1214010,0x00000006cbd00000)
 Metaspace       used 14040K, capacity 14162K, committed 14464K, reserved 1062912K
  class space    used 1798K, capacity 1821K, committed 1920K, reserved 1048576K
}
Event: 7.110 GC heap before
{Heap before GC invocations=2 (full 0):
 PSYoungGen      total 76288K, used 73877K [0x000000076b100000, 0x0000000770600000, 0x00000007c0000000)
  eden space 65536K, 100% used [0x000000076b100000,0x000000076f100000,0x000000076f100000)
  from space 10752K, 77% used [0x000000076f100000,0x000000076f925690,0x000000076fb80000)
  to   space 10752K, 0% used [0x000000076fb80000,0x000000076fb80000,0x0000000770600000)
 ParOldGen       total 175104K, used 80K [0x00000006c1200000, 0x00000006cbd00000, 0x000000076b100000)
  object space 175104K, 0% used [0x00000006c1200000,0x00000006c1214010,0x00000006cbd00000)
 Metaspace       used 14301K, capacity 14386K, committed 14720K, reserved 1062912K
  class space    used 1823K, capacity 1853K, committed 1920K, reserved 1048576K
Event: 7.119 GC heap after
Heap after GC invocations=2 (full 0):
 PSYoungGen      total 76288K, used 2583K [0x000000076b100000, 0x0000000770600000, 0x00000007c0000000)
  eden space 65536K, 0% used [0x000000076b100000,0x000000076b100000,0x000000076f100000)
  from space 10752K, 24% used [0x000000076fb80000,0x000000076fe05cb0,0x0000000770600000)
  to   space 10752K, 0% used [0x000000076f100000,0x000000076f100000,0x000000076fb80000)
 ParOldGen       total 175104K, used 88K [0x00000006c1200000, 0x00000006cbd00000, 0x000000076b100000)
  object space 175104K, 0% used [0x00000006c1200000,0x00000006c1216010,0x00000006cbd00000)
 Metaspace       used 14301K, capacity 14386K, committed 14720K, reserved 1062912K
  class space    used 1823K, capacity 1853K, committed 1920K, reserved 1048576K
}
Event: 7.620 GC heap before
{Heap before GC invocations=3 (full 0):
 PSYoungGen      total 76288K, used 68119K [0x000000076b100000, 0x0000000770600000, 0x00000007c0000000)
  eden space 65536K, 100% used [0x000000076b100000,0x000000076f100000,0x000000076f100000)
  from space 10752K, 24% used [0x000000076fb80000,0x000000076fe05cb0,0x0000000770600000)
  to   space 10752K, 0% used [0x000000076f100000,0x000000076f100000,0x000000076fb80000)
 ParOldGen       total 175104K, used 88K [0x00000006c1200000, 0x00000006cbd00000, 0x000000076b100000)
  object space 175104K, 0% used [0x00000006c1200000,0x00000006c1216010,0x00000006cbd00000)
 Metaspace       used 14301K, capacity 14386K, committed 14720K, reserved 1062912K
  class space    used 1823K, capacity 1853K, committed 1920K, reserved 1048576K
Event: 7.630 GC heap after
Heap after GC invocations=3 (full 0):
 PSYoungGen      total 76288K, used 2503K [0x000000076b100000, 0x0000000774600000, 0x00000007c0000000)
  eden space 65536K, 0% used [0x000000076b100000,0x000000076b100000,0x000000076f100000)
  from space 10752K, 23% used [0x000000076f100000,0x000000076f371c80,0x000000076fb80000)
  to   space 10752K, 0% used [0x0000000773b80000,0x0000000773b80000,0x0000000774600000)
 ParOldGen       total 175104K, used 96K [0x00000006c1200000, 0x00000006cbd00000, 0x000000076b100000)
  object space 175104K, 0% used [0x00000006c1200000,0x00000006c1218010,0x00000006cbd00000)
 Metaspace       used 14301K, capacity 14386K, committed 14720K, reserved 1062912K
  class space    used 1823K, capacity 1853K, committed 1920K, reserved 1048576K
}
Event: 9.359 GC heap before
{Heap before GC invocations=4 (full 0):
 PSYoungGen      total 76288K, used 45185K [0x000000076b100000, 0x0000000774600000, 0x00000007c0000000)
  eden space 65536K, 65% used [0x000000076b100000,0x000000076daae9d8,0x000000076f100000)
  from space 10752K, 23% used [0x000000076f100000,0x000000076f371c80,0x000000076fb80000)
  to   space 10752K, 0% used [0x0000000773b80000,0x0000000773b80000,0x0000000774600000)
 ParOldGen       total 175104K, used 96K [0x00000006c1200000, 0x00000006cbd00000, 0x000000076b100000)
  object space 175104K, 0% used [0x00000006c1200000,0x00000006c1218010,0x00000006cbd00000)
 Metaspace       used 20772K, capacity 21024K, committed 21296K, reserved 1067008K
  class space    used 2735K, capacity 2834K, committed 2864K, reserved 1048576K
Event: 9.379 GC heap after
Heap after GC invocations=4 (full 0):
 PSYoungGen      total 141824K, used 7282K [0x000000076b100000, 0x0000000774600000, 0x00000007c0000000)
  eden space 131072K, 0% used [0x000000076b100000,0x000000076b100000,0x0000000773100000)
  from space 10752K, 67% used [0x0000000773b80000,0x000000077429c828,0x0000000774600000)
  to   space 10752K, 0% used [0x0000000773100000,0x0000000773100000,0x0000000773b80000)
 ParOldGen       total 175104K, used 104K [0x00000006c1200000, 0x00000006cbd00000, 0x000000076b100000)
  object space 175104K, 0% used [0x00000006c1200000,0x00000006c121a010,0x00000006cbd00000)
 Metaspace       used 20772K, capacity 21024K, committed 21296K, reserved 1067008K
  class space    used 2735K, capacity 2834K, committed 2864K, reserved 1048576K
}
Event: 9.379 GC heap before
{Heap before GC invocations=5 (full 1):
 PSYoungGen      total 141824K, used 7282K [0x000000076b100000, 0x0000000774600000, 0x00000007c0000000)
  eden space 131072K, 0% used [0x000000076b100000,0x000000076b100000,0x0000000773100000)
  from space 10752K, 67% used [0x0000000773b80000,0x000000077429c828,0x0000000774600000)
  to   space 10752K, 0% used [0x0000000773100000,0x0000000773100000,0x0000000773b80000)
 ParOldGen       total 175104K, used 104K [0x00000006c1200000, 0x00000006cbd00000, 0x000000076b100000)
  object space 175104K, 0% used [0x00000006c1200000,0x00000006c121a010,0x00000006cbd00000)
 Metaspace       used 20772K, capacity 21024K, committed 21296K, reserved 1067008K
  class space    used 2735K, capacity 2834K, committed 2864K, reserved 1048576K
Event: 9.471 GC heap after
Heap after GC invocations=5 (full 1):
 PSYoungGen      total 141824K, used 0K [0x000000076b100000, 0x0000000774600000, 0x00000007c0000000)
  eden space 131072K, 0% used [0x000000076b100000,0x000000076b100000,0x0000000773100000)
  from space 10752K, 0% used [0x0000000773b80000,0x0000000773b80000,0x0000000774600000)
  to   space 10752K, 0% used [0x0000000773100000,0x0000000773100000,0x0000000773b80000)
 ParOldGen       total 102400K, used 7071K [0x00000006c1200000, 0x00000006c7600000, 0x000000076b100000)
  object space 102400K, 6% used [0x00000006c1200000,0x00000006c18e7fc0,0x00000006c7600000)
 Metaspace       used 20768K, capacity 21018K, committed 21296K, reserved 1067008K
  class space    used 2734K, capacity 2833K, committed 2864K, reserved 1048576K
}

