# JRE version: Java(TM) SE Runtime Environment (8.0_45-b15) (build 1.8.0_45-b15)
# Java VM: Java HotSpot(TM) 64-Bit Server VM (25.45-b02 mixed mode windows-amd64 compressed oops)
Heap:
 PSYoungGen      total 141824K, used 17719K [0x000000076b100000, 0x0000000774600000, 0x00000007c0000000)
  eden space 131072K, 13% used [0x000000076b100000,0x000000076c24dd90,0x0000000773100000)
  from space 10752K, 0% used [0x0000000773b80000,0x0000000773b80000,0x0000000774600000)
  to   space 10752K, 0% used [0x0000000773100000,0x0000000773100000,0x0000000773b80000)
 ParOldGen       total 101376K, used 7077K [0x00000006c1200000, 0x00000006c7500000, 0x000000076b100000)
  object space 101376K, 6% used [0x00000006c1200000,0x00000006c18e9720,0x00000006c7500000)
 Metaspace       used 21378K, capacity 21671K, committed 22192K, reserved 1069056K
  class space    used 2802K, capacity 2902K, committed 2992K, reserved 1048576K
GC Heap History (10 events):
Event: 6.190 GC heap before
{Heap before GC invocations=1 (full 0):
 PSYoungGen      total 76288K, used 65536K [0x000000076b100000, 0x0000000770600000, 0x00000007c0000000)
  eden space 65536K, 100% used [0x000000076b100000,0x000000076f100000,0x000000076f100000)
  from space 10752K, 0% used [0x000000076fb80000,0x000000076fb80000,0x0000000770600000)
  to   space 10752K, 0% used [0x000000076f100000,0x000000076f100000,0x000000076fb80000)
 ParOldGen       total 175104K, used 0K [0x00000006c1200000, 0x00000006cbd00000, 0x000000076b100000)
  object space 175104K, 0% used [0x00000006c1200000,0x00000006c1200000,0x00000006cbd00000)
 Metaspace       used 14190K, capacity 14316K, committed 14464K, reserved 1062912K
  class space    used 1817K, capacity 1852K, committed 1920K, reserved 1048576K
Event: 6.213 GC heap after
Heap after GC invocations=1 (full 0):
 PSYoungGen      total 76288K, used 8284K [0x000000076b100000, 0x0000000770600000, 0x00000007c0000000)
  eden space 65536K, 0% used [0x000000076b100000,0x000000076b100000,0x000000076f100000)
  from space 10752K, 77% used [0x000000076f100000,0x000000076f9170c8,0x000000076fb80000)
  to   space 10752K, 0% used [0x000000076fb80000,0x000000076fb80000,0x0000000770600000)
 ParOldGen       total 175104K, used 80K [0x00000006c1200000, 0x00000006cbd00000, 0x000000076b100000)
  object space 175104K, 0% used [0x00000006c1200000,0x00000006c1214010,0x00000006cbd00000)
 Metaspace       used 14190K, capacity 14316K, committed 14464K, reserved 1062912K
  class space    used 1817K, capacity 1852K, committed 1920K, reserved 1048576K
}
Event: 6.743 GC heap before
{Heap before GC invocations=2 (full 0):
 PSYoungGen      total 76288K, used 73820K [0x000000076b100000, 0x0000000770600000, 0x00000007c0000000)
  eden space 65536K, 100% used [0x000000076b100000,0x000000076f100000,0x000000076f100000)
  from space 10752K, 77% used [0x000000076f100000,0x000000076f9170c8,0x000000076fb80000)
  to   space 10752K, 0% used [0x000000076fb80000,0x000000076fb80000,0x0000000770600000)
 ParOldGen       total 175104K, used 80K [0x00000006c1200000, 0x00000006cbd00000, 0x000000076b100000)
  object space 175104K, 0% used [0x00000006c1200000,0x00000006c1214010,0x00000006cbd00000)
 Metaspace       used 14274K, capacity 14380K, committed 14720K, reserved 1062912K
  class space    used 1824K, capacity 1852K, committed 1920K, reserved 1048576K
Event: 6.752 GC heap after
Heap after GC invocations=2 (full 0):
 PSYoungGen      total 76288K, used 2615K [0x000000076b100000, 0x0000000770600000, 0x00000007c0000000)
  eden space 65536K, 0% used [0x000000076b100000,0x000000076b100000,0x000000076f100000)
  from space 10752K, 24% used [0x000000076fb80000,0x000000076fe0dcb0,0x0000000770600000)
  to   space 10752K, 0% used [0x000000076f100000,0x000000076f100000,0x000000076fb80000)
 ParOldGen       total 175104K, used 88K [0x00000006c1200000, 0x00000006cbd00000, 0x000000076b100000)
  object space 175104K, 0% used [0x00000006c1200000,0x00000006c1216010,0x00000006cbd00000)
 Metaspace       used 14274K, capacity 14380K, committed 14720K, reserved 1062912K
  class space    used 1824K, capacity 1852K, committed 1920K, reserved 1048576K
}
Event: 7.282 GC heap before
{Heap before GC invocations=3 (full 0):
 PSYoungGen      total 76288K, used 68151K [0x000000076b100000, 0x0000000770600000, 0x00000007c0000000)
  eden space 65536K, 100% used [0x000000076b100000,0x000000076f100000,0x000000076f100000)
  from space 10752K, 24% used [0x000000076fb80000,0x000000076fe0dcb0,0x0000000770600000)
  to   space 10752K, 0% used [0x000000076f100000,0x000000076f100000,0x000000076fb80000)
 ParOldGen       total 175104K, used 88K [0x00000006c1200000, 0x00000006cbd00000, 0x000000076b100000)
  object space 175104K, 0% used [0x00000006c1200000,0x00000006c1216010,0x00000006cbd00000)
 Metaspace       used 14274K, capacity 14380K, committed 14720K, reserved 1062912K
  class space    used 1824K, capacity 1852K, committed 1920K, reserved 1048576K
Event: 7.292 GC heap after
Heap after GC invocations=3 (full 0):
 PSYoungGen      total 76288K, used 2471K [0x000000076b100000, 0x0000000774600000, 0x00000007c0000000)
  eden space 65536K, 0% used [0x000000076b100000,0x000000076b100000,0x000000076f100000)
  from space 10752K, 22% used [0x000000076f100000,0x000000076f369ca0,0x000000076fb80000)
  to   space 10752K, 0% used [0x0000000773b80000,0x0000000773b80000,0x0000000774600000)
 ParOldGen       total 175104K, used 96K [0x00000006c1200000, 0x00000006cbd00000, 0x000000076b100000)
  object space 175104K, 0% used [0x00000006c1200000,0x00000006c1218010,0x00000006cbd00000)
 Metaspace       used 14274K, capacity 14380K, committed 14720K, reserved 1062912K
  class space    used 1824K, capacity 1852K, committed 1920K, reserved 1048576K
}
Event: 8.783 GC heap before
{Heap before GC invocations=4 (full 0):
 PSYoungGen      total 76288K, used 45415K [0x000000076b100000, 0x0000000774600000, 0x00000007c0000000)
  eden space 65536K, 65% used [0x000000076b100000,0x000000076daf0320,0x000000076f100000)
  from space 10752K, 22% used [0x000000076f100000,0x000000076f369ca0,0x000000076fb80000)
  to   space 10752K, 0% used [0x0000000773b80000,0x0000000773b80000,0x0000000774600000)
 ParOldGen       total 175104K, used 96K [0x00000006c1200000, 0x00000006cbd00000, 0x000000076b100000)
  object space 175104K, 0% used [0x00000006c1200000,0x00000006c1218010,0x00000006cbd00000)
 Metaspace       used 20731K, capacity 21049K, committed 21296K, reserved 1067008K
  class space    used 2730K, capacity 2864K, committed 2864K, reserved 1048576K
Event: 8.804 GC heap after
Heap after GC invocations=4 (full 0):
 PSYoungGen      total 141824K, used 7386K [0x000000076b100000, 0x0000000774600000, 0x00000007c0000000)
  eden space 131072K, 0% used [0x000000076b100000,0x000000076b100000,0x0000000773100000)
  from space 10752K, 68% used [0x0000000773b80000,0x00000007742b6998,0x0000000774600000)
  to   space 10752K, 0% used [0x0000000773100000,0x0000000773100000,0x0000000773b80000)
 ParOldGen       total 175104K, used 104K [0x00000006c1200000, 0x00000006cbd00000, 0x000000076b100000)
  object space 175104K, 0% used [0x00000006c1200000,0x00000006c121a010,0x00000006cbd00000)
 Metaspace       used 20731K, capacity 21049K, committed 21296K, reserved 1067008K
  class space    used 2730K, capacity 2864K, committed 2864K, reserved 1048576K
}
Event: 8.804 GC heap before
{Heap before GC invocations=5 (full 1):
 PSYoungGen      total 141824K, used 7386K [0x000000076b100000, 0x0000000774600000, 0x00000007c0000000)
  eden space 131072K, 0% used [0x000000076b100000,0x000000076b100000,0x0000000773100000)
  from space 10752K, 68% used [0x0000000773b80000,0x00000007742b6998,0x0000000774600000)
  to   space 10752K, 0% used [0x0000000773100000,0x0000000773100000,0x0000000773b80000)
 ParOldGen       total 175104K, used 104K [0x00000006c1200000, 0x00000006cbd00000, 0x000000076b100000)
  object space 175104K, 0% used [0x00000006c1200000,0x00000006c121a010,0x00000006cbd00000)
 Metaspace       used 20731K, capacity 21049K, committed 21296K, reserved 1067008K
  class space    used 2730K, capacity 2864K, committed 2864K, reserved 1048576K
Event: 8.887 GC heap after
Heap after GC invocations=5 (full 1):
 PSYoungGen      total 141824K, used 0K [0x000000076b100000, 0x0000000774600000, 0x00000007c0000000)
  eden space 131072K, 0% used [0x000000076b100000,0x000000076b100000,0x0000000773100000)
  from space 10752K, 0% used [0x0000000773b80000,0x0000000773b80000,0x0000000774600000)
  to   space 10752K, 0% used [0x0000000773100000,0x0000000773100000,0x0000000773b80000)
 ParOldGen       total 101376K, used 7077K [0x00000006c1200000, 0x00000006c7500000, 0x000000076b100000)
  object space 101376K, 6% used [0x00000006c1200000,0x00000006c18e9720,0x00000006c7500000)
 Metaspace       used 20731K, capacity 21049K, committed 21296K, reserved 1067008K
  class space    used 2730K, capacity 2864K, committed 2864K, reserved 1048576K
}

